cultraview/NewSettings/app/build/intermediates/manifest_merge_blame_file/debug/manifest-merger-blame-debug-report.txt
1<?xml version="1.0" encoding="utf-8"?>
2<manifest xmlns:android="http://schemas.android.com/apk/res/android"
3    package="com.ctv.settings"
4    android:sharedUserId="android.uid.system"
5    android:versionCode="1"
6    android:versionName="V1.0" >
7
8    <uses-sdk
9        android:minSdkVersion="23"
9-->src/main/AndroidManifest.xml
10        android:targetSdkVersion="28" />
10-->src/main/AndroidManifest.xml
11
12    <uses-permission android:name="android.permission.SET_WALLPAPER" />
12-->src/main/AndroidManifest.xml:6:5-72
12-->src/main/AndroidManifest.xml:6:22-69
13    <uses-permission android:name="android.permission.SYSTEM_ALERT_WINDOW" />
13-->src/main/AndroidManifest.xml:7:5-77
13-->src/main/AndroidManifest.xml:7:22-75
14    <uses-permission android:name="android.permission.READ_SETTINGS" />
14-->src/main/AndroidManifest.xml:8:5-72
14-->src/main/AndroidManifest.xml:8:22-69
15    <uses-permission android:name="android.permission.WRITE_EXTERNAL_STORAGE" />
15-->src/main/AndroidManifest.xml:9:5-81
15-->src/main/AndroidManifest.xml:9:22-78
16    <uses-permission android:name="android.permission.WRITE_SETTINGS" />
16-->src/main/AndroidManifest.xml:10:5-73
16-->src/main/AndroidManifest.xml:10:22-70
17    <uses-permission android:name="android.permission.WRITE_SECURE_SETTINGS" />
17-->src/main/AndroidManifest.xml:11:5-80
17-->src/main/AndroidManifest.xml:11:22-77
18    <uses-permission android:name="android.permission.DEVICE_POWER" />
18-->src/main/AndroidManifest.xml:12:5-71
18-->src/main/AndroidManifest.xml:12:22-68
19    <uses-permission android:name="android.permission.CHANGE_CONFIGURATION" />
19-->src/main/AndroidManifest.xml:13:5-79
19-->src/main/AndroidManifest.xml:13:22-76
20    <uses-permission android:name="android.permission.MOUNT_UNMOUNT_FILESYSTEMS" />
20-->src/main/AndroidManifest.xml:14:5-84
20-->src/main/AndroidManifest.xml:14:22-81
21    <uses-permission android:name="android.permission.VIBRATE" />
21-->src/main/AndroidManifest.xml:15:5-66
21-->src/main/AndroidManifest.xml:15:22-63
22    <uses-permission android:name="android.permission.BLUETOOTH" />
22-->src/main/AndroidManifest.xml:16:5-68
22-->src/main/AndroidManifest.xml:16:22-65
23    <uses-permission android:name="android.permission.BLUETOOTH_ADMIN" />
23-->src/main/AndroidManifest.xml:17:5-74
23-->src/main/AndroidManifest.xml:17:22-71
24    <uses-permission android:name="android.permission.NFC" />
24-->src/main/AndroidManifest.xml:18:5-62
24-->src/main/AndroidManifest.xml:18:22-59
25    <uses-permission android:name="android.permission.HARDWARE_TEST" />
25-->src/main/AndroidManifest.xml:19:5-72
25-->src/main/AndroidManifest.xml:19:22-69
26    <uses-permission android:name="android.permission.CALL_PHONE" />
26-->src/main/AndroidManifest.xml:20:5-69
26-->src/main/AndroidManifest.xml:20:22-66
27    <uses-permission android:name="android.permission.MODIFY_AUDIO_SETTINGS" />
27-->src/main/AndroidManifest.xml:21:5-80
27-->src/main/AndroidManifest.xml:21:22-77
28    <uses-permission android:name="android.permission.MASTER_CLEAR" />
28-->src/main/AndroidManifest.xml:22:5-71
28-->src/main/AndroidManifest.xml:22:22-68
29    <uses-permission android:name="android.permission.USE_CREDENTIALS" />
29-->src/main/AndroidManifest.xml:23:5-74
29-->src/main/AndroidManifest.xml:23:22-71
30    <uses-permission android:name="com.google.android.googleapps.permission.GOOGLE_AUTH" />
30-->src/main/AndroidManifest.xml:24:5-92
30-->src/main/AndroidManifest.xml:24:22-89
31    <uses-permission android:name="android.permission.ACCESS_DOWNLOAD_MANAGER" />
31-->src/main/AndroidManifest.xml:25:5-82
31-->src/main/AndroidManifest.xml:25:22-79
32    <uses-permission android:name="android.permission.READ_CONTACTS" />
32-->src/main/AndroidManifest.xml:26:5-72
32-->src/main/AndroidManifest.xml:26:22-69
33    <uses-permission android:name="android.permission.WRITE_CONTACTS" />
33-->src/main/AndroidManifest.xml:27:5-73
33-->src/main/AndroidManifest.xml:27:22-70
34    <uses-permission android:name="android.permission.ACCESS_NETWORK_STATE" />
34-->src/main/AndroidManifest.xml:28:5-79
34-->src/main/AndroidManifest.xml:28:22-76
35    <uses-permission android:name="android.permission.ACCESS_WIMAX_STATE" />
35-->src/main/AndroidManifest.xml:29:5-77
35-->src/main/AndroidManifest.xml:29:22-74
36    <uses-permission android:name="android.permission.CHANGE_WIMAX_STATE" />
36-->src/main/AndroidManifest.xml:30:5-77
36-->src/main/AndroidManifest.xml:30:22-74
37    <uses-permission android:name="android.permission.ACCESS_WIFI_STATE" />
37-->src/main/AndroidManifest.xml:31:5-76
37-->src/main/AndroidManifest.xml:31:22-73
38    <uses-permission android:name="android.permission.CHANGE_WIFI_STATE" />
38-->src/main/AndroidManifest.xml:32:5-76
38-->src/main/AndroidManifest.xml:32:22-73
39    <uses-permission android:name="android.permission.INTERNET" />
39-->src/main/AndroidManifest.xml:33:5-67
39-->src/main/AndroidManifest.xml:33:22-64
40    <uses-permission android:name="android.permission.CLEAR_APP_USER_DATA" />
40-->src/main/AndroidManifest.xml:34:5-78
40-->src/main/AndroidManifest.xml:34:22-75
41    <uses-permission android:name="android.permission.READ_PHONE_STATE" />
41-->src/main/AndroidManifest.xml:35:5-75
41-->src/main/AndroidManifest.xml:35:22-72
42    <uses-permission android:name="android.permission.MODIFY_PHONE_STATE" />
42-->src/main/AndroidManifest.xml:36:5-77
42-->src/main/AndroidManifest.xml:36:22-74
43    <uses-permission android:name="android.permission.ACCESS_COARSE_LOCATION" />
43-->src/main/AndroidManifest.xml:37:5-81
43-->src/main/AndroidManifest.xml:37:22-78
44    <uses-permission android:name="android.permission.WRITE_APN_SETTINGS" />
44-->src/main/AndroidManifest.xml:38:5-77
44-->src/main/AndroidManifest.xml:38:22-74
45    <uses-permission android:name="android.permission.ACCESS_CHECKIN_PROPERTIES" />
45-->src/main/AndroidManifest.xml:39:5-84
45-->src/main/AndroidManifest.xml:39:22-81
46    <uses-permission android:name="android.permission.READ_USER_DICTIONARY" />
46-->src/main/AndroidManifest.xml:40:5-79
46-->src/main/AndroidManifest.xml:40:22-76
47    <uses-permission android:name="android.permission.WRITE_USER_DICTIONARY" />
47-->src/main/AndroidManifest.xml:41:5-80
47-->src/main/AndroidManifest.xml:41:22-77
48    <uses-permission android:name="android.permission.FORCE_STOP_PACKAGES" />
48-->src/main/AndroidManifest.xml:42:5-78
48-->src/main/AndroidManifest.xml:42:22-75
49    <uses-permission android:name="android.permission.PACKAGE_USAGE_STATS" />
49-->src/main/AndroidManifest.xml:43:5-78
49-->src/main/AndroidManifest.xml:43:22-75
50    <uses-permission android:name="android.permission.BATTERY_STATS" />
50-->src/main/AndroidManifest.xml:44:5-72
50-->src/main/AndroidManifest.xml:44:22-69
51    <uses-permission android:name="com.android.launcher.permission.READ_SETTINGS" />
51-->src/main/AndroidManifest.xml:45:5-85
51-->src/main/AndroidManifest.xml:45:22-82
52    <uses-permission android:name="com.android.launcher.permission.WRITE_SETTINGS" />
52-->src/main/AndroidManifest.xml:46:5-86
52-->src/main/AndroidManifest.xml:46:22-83
53    <uses-permission android:name="android.permission.MOVE_PACKAGE" />
53-->src/main/AndroidManifest.xml:47:5-71
53-->src/main/AndroidManifest.xml:47:22-68
54    <uses-permission android:name="android.permission.USE_CREDENTIALS" />
54-->src/main/AndroidManifest.xml:23:5-74
54-->src/main/AndroidManifest.xml:23:22-71
55    <uses-permission android:name="android.permission.BACKUP" />
55-->src/main/AndroidManifest.xml:49:5-65
55-->src/main/AndroidManifest.xml:49:22-62
56    <uses-permission android:name="android.permission.READ_SYNC_SETTINGS" />
56-->src/main/AndroidManifest.xml:50:5-77
56-->src/main/AndroidManifest.xml:50:22-74
57    <uses-permission android:name="android.permission.WRITE_SYNC_SETTINGS" />
57-->src/main/AndroidManifest.xml:51:5-78
57-->src/main/AndroidManifest.xml:51:22-75
58    <uses-permission android:name="android.permission.READ_SYNC_STATS" />
58-->src/main/AndroidManifest.xml:52:5-74
58-->src/main/AndroidManifest.xml:52:22-71
59    <uses-permission android:name="android.permission.READ_SYNC_SETTINGS" />
59-->src/main/AndroidManifest.xml:50:5-77
59-->src/main/AndroidManifest.xml:50:22-74
60    <uses-permission android:name="android.permission.WRITE_SYNC_SETTINGS" />
60-->src/main/AndroidManifest.xml:51:5-78
60-->src/main/AndroidManifest.xml:51:22-75
61    <uses-permission android:name="android.permission.STATUS_BAR" />
61-->src/main/AndroidManifest.xml:55:5-69
61-->src/main/AndroidManifest.xml:55:22-66
62    <uses-permission android:name="android.permission.MANAGE_USB" />
62-->src/main/AndroidManifest.xml:56:5-69
62-->src/main/AndroidManifest.xml:56:22-66
63    <uses-permission android:name="android.permission.SET_POINTER_SPEED" />
63-->src/main/AndroidManifest.xml:57:5-76
63-->src/main/AndroidManifest.xml:57:22-73
64    <uses-permission android:name="com.android.voicemail.permission.ADD_VOICEMAIL" />
64-->src/main/AndroidManifest.xml:58:5-86
64-->src/main/AndroidManifest.xml:58:22-83
65    <uses-permission android:name="android.permission.SET_ORIENTATION" />
65-->src/main/AndroidManifest.xml:59:5-74
65-->src/main/AndroidManifest.xml:59:22-71
66    <uses-permission android:name="android.permission.WAKE_LOCK" />
66-->src/main/AndroidManifest.xml:60:5-68
66-->src/main/AndroidManifest.xml:60:22-65
67    <uses-permission android:name="android.permission.GET_PACKAGE_SIZE" />
67-->src/main/AndroidManifest.xml:61:5-75
67-->src/main/AndroidManifest.xml:61:22-72
68    <uses-permission android:name="android.permission.GET_TASKS" />
68-->src/main/AndroidManifest.xml:62:5-68
68-->src/main/AndroidManifest.xml:62:22-65
69    <uses-permission android:name="android.permission.READ_EXTERNAL_STORAGE" >
69-->src/main/AndroidManifest.xml:63:5-64:23
69-->src/main/AndroidManifest.xml:63:22-77
70    </uses-permission>
71    <uses-permission android:name="android.permission.RESTART_PACKAGES" />
71-->src/main/AndroidManifest.xml:65:5-75
71-->src/main/AndroidManifest.xml:65:22-72
72    <uses-permission android:name="android.permission.RECEIVE_BOOT_COMPLETED" />
72-->src/main/AndroidManifest.xml:66:5-81
72-->src/main/AndroidManifest.xml:66:22-78
73    <!-- DB Operation change to ContentProvider start -->
74    <uses-permission android:name="com.mstar.android.permissionn.ACCESS_TV_DATA" />
74-->src/main/AndroidManifest.xml:68:5-84
74-->src/main/AndroidManifest.xml:68:22-81
75    <!-- DB Operation change to ContentProvider end -->
76    <uses-permission android:name="android.permission.READ_MEDIA_STORAGE" />
76-->src/main/AndroidManifest.xml:70:5-77
76-->src/main/AndroidManifest.xml:70:22-74
77    <uses-permission android:name="android.permission.WRITE_MEDIA_STORAGE" />
77-->src/main/AndroidManifest.xml:71:5-78
77-->src/main/AndroidManifest.xml:71:22-75
78    <uses-permission android:name="android.permission.KILL_BACKGROUND_PROCESSES" />
78-->src/main/AndroidManifest.xml:72:5-84
78-->src/main/AndroidManifest.xml:72:22-81
79    <!-- google account permission -->
80    <uses-permission android:name="android.permission.MANAGE_ACCOUNTS" />
80-->src/main/AndroidManifest.xml:74:5-74
80-->src/main/AndroidManifest.xml:74:22-71
81    <uses-permission android:name="android.permission.GET_ACCOUNTS" />
81-->src/main/AndroidManifest.xml:75:5-71
81-->src/main/AndroidManifest.xml:75:22-68
82    <uses-permission android:name="android.permission.AUTHENTICATE_ACCOUNTS" />
82-->src/main/AndroidManifest.xml:76:5-80
82-->src/main/AndroidManifest.xml:76:22-77
83    <uses-permission android:name="android.Manifest.permission.TETHER_PRIVILEGED" />
83-->src/main/AndroidManifest.xml:77:5-85
83-->src/main/AndroidManifest.xml:77:22-82
84    <uses-permission android:name="android.permission.INTERNET" />
84-->src/main/AndroidManifest.xml:33:5-67
84-->src/main/AndroidManifest.xml:33:22-64
85    <uses-permission android:name="android.permission.SET_TIME_ZONE" />
85-->src/main/AndroidManifest.xml:80:5-72
85-->src/main/AndroidManifest.xml:80:22-69
86    <uses-permission android:name="android.permission.BLUETOOTH_PRIVILEGED" />
86-->src/main/AndroidManifest.xml:82:5-79
86-->src/main/AndroidManifest.xml:82:22-76
87
88    <application
88-->src/main/AndroidManifest.xml:84:5-233:19
89        android:name="com.ctv.settings.MyApp"
89-->src/main/AndroidManifest.xml:85:13-34
90        android:allowBackup="true"
90-->src/main/AndroidManifest.xml:86:13-39
91        android:appComponentFactory="android.support.v4.app.CoreComponentFactory"
91-->[com.android.support:support-compat:28.0.0] AndroidManifest.xml:22:18-91
92        android:debuggable="true"
93        android:excludeFromRecents="true"
93-->src/main/AndroidManifest.xml:92:13-46
94        android:icon="@mipmap/ic_launcher"
94-->src/main/AndroidManifest.xml:88:13-47
95        android:label="@string/app_name"
95-->src/main/AndroidManifest.xml:89:13-45
96        android:persistent="true"
96-->src/main/AndroidManifest.xml:87:13-38
97        android:roundIcon="@mipmap/ic_launcher_round"
97-->src/main/AndroidManifest.xml:90:13-58
98        android:supportsRtl="true"
98-->src/main/AndroidManifest.xml:91:13-39
99        android:theme="@style/AppTheme.NoActionBar" >
99-->src/main/AndroidManifest.xml:93:13-56
100        <uses-library android:name="com.mstar.android" />
100-->src/main/AndroidManifest.xml:94:9-57
100-->src/main/AndroidManifest.xml:94:23-55
101
102        <activity
102-->src/main/AndroidManifest.xml:95:9-110:20
103            android:name="com.ctv.settings.MainActivity"
103-->src/main/AndroidManifest.xml:95:19-47
104            android:excludeFromRecents="true"
104-->src/main/AndroidManifest.xml:97:19-52
105            android:label="@string/app_name"
105-->src/main/AndroidManifest.xml:99:19-51
106            android:launchMode="singleTop"
106-->src/main/AndroidManifest.xml:98:19-49
107            android:theme="@style/AppTheme.NoActionBar" >
107-->src/main/AndroidManifest.xml:96:19-62
108            <intent-filter>
108-->src/main/AndroidManifest.xml:100:13-103:29
109                <action android:name="android.intent.action.MAIN" />
109-->src/main/AndroidManifest.xml:101:17-68
109-->src/main/AndroidManifest.xml:101:25-66
110
111                <category android:name="android.intent.category.LAUNCHER" />
111-->src/main/AndroidManifest.xml:102:17-76
111-->src/main/AndroidManifest.xml:102:27-74
112            </intent-filter>
113            <intent-filter>
113-->src/main/AndroidManifest.xml:104:13-109:29
114                <action android:name="android.settings.CTVSETTINGS" />
114-->src/main/AndroidManifest.xml:105:17-71
114-->src/main/AndroidManifest.xml:105:25-68
115                <action android:name="com.cultraview.settings.CTVSETTINGS" />
115-->src/main/AndroidManifest.xml:106:17-78
115-->src/main/AndroidManifest.xml:106:25-75
116
117                <category android:name="android.intent.category.DEFAULT" />
117-->src/main/AndroidManifest.xml:108:17-76
117-->src/main/AndroidManifest.xml:108:27-73
118            </intent-filter>
119        </activity>
120
121        <!-- language -->
122        <activity
122-->src/main/AndroidManifest.xml:113:9-114:45
123            android:name="com.ctv.settings.language.activity.LanguageSelectActivity"
123-->src/main/AndroidManifest.xml:113:19-91
124            android:launchMode="singleTop" />
124-->src/main/AndroidManifest.xml:114:13-43
125        <activity
125-->src/main/AndroidManifest.xml:115:9-116:45
126            android:name="com.ctv.settings.language.activity.InputMethodActivity"
126-->src/main/AndroidManifest.xml:115:19-88
127            android:launchMode="singleTop" />
127-->src/main/AndroidManifest.xml:116:13-43
128
129        <!-- device -->
130        <activity
130-->src/main/AndroidManifest.xml:119:9-120:45
131            android:name="com.ctv.settings.device.DeviceNameActivity"
131-->src/main/AndroidManifest.xml:119:19-76
132            android:launchMode="singleTop" />
132-->src/main/AndroidManifest.xml:120:13-43
133        <activity
133-->src/main/AndroidManifest.xml:121:9-122:45
134            android:name="com.ctv.settings.device.ThemeBgActvity"
134-->src/main/AndroidManifest.xml:121:19-72
135            android:launchMode="singleTop" />
135-->src/main/AndroidManifest.xml:122:13-43
136        <activity
136-->src/main/AndroidManifest.xml:123:9-124:45
137            android:name="com.ctv.settings.device.ThemeStyleActvity"
137-->src/main/AndroidManifest.xml:123:19-75
138            android:launchMode="singleTop" />
138-->src/main/AndroidManifest.xml:124:13-43
139
140        <!-- about -->
141        <activity
141-->src/main/AndroidManifest.xml:127:9-134:20
142            android:name="com.ctv.settings.about.activity.SystemupdateItemActivity"
142-->src/main/AndroidManifest.xml:127:19-90
143            android:launchMode="singleTop" >
143-->src/main/AndroidManifest.xml:128:13-43
144            <intent-filter>
144-->src/main/AndroidManifest.xml:129:13-133:29
145                <action android:name="com.cultraview.settings.update.SYSTEM_UPDATE" />
145-->src/main/AndroidManifest.xml:130:17-86
145-->src/main/AndroidManifest.xml:130:25-84
146
147                <category android:name="android.intent.category.DEFAULT" />
147-->src/main/AndroidManifest.xml:108:17-76
147-->src/main/AndroidManifest.xml:108:27-73
148            </intent-filter>
149        </activity>
150        <activity
150-->src/main/AndroidManifest.xml:135:9-144:20
151            android:name="com.ctv.settings.about.activity.LocalUpdateActivity"
151-->src/main/AndroidManifest.xml:136:13-79
152            android:clearTaskOnLaunch="true"
152-->src/main/AndroidManifest.xml:137:13-45
153            android:launchMode="singleTop" >
153-->src/main/AndroidManifest.xml:138:13-43
154            <intent-filter>
154-->src/main/AndroidManifest.xml:139:13-143:29
155                <action android:name="com.cultraview.settings.update.LOCAL_UPDATE" />
155-->src/main/AndroidManifest.xml:140:17-85
155-->src/main/AndroidManifest.xml:140:25-83
156
157                <category android:name="android.intent.category.DEFAULT" />
157-->src/main/AndroidManifest.xml:108:17-76
157-->src/main/AndroidManifest.xml:108:27-73
158            </intent-filter>
159        </activity>
160        <activity
160-->src/main/AndroidManifest.xml:145:9-147:20
161            android:name="com.ctv.settings.about.activity.SystemUpdateActivity"
161-->src/main/AndroidManifest.xml:145:19-86
162            android:launchMode="singleTop" >
162-->src/main/AndroidManifest.xml:146:13-43
163        </activity>
164        <activity
164-->src/main/AndroidManifest.xml:148:9-150:20
165            android:name="com.ctv.settings.about.activity.AboutActivity"
165-->src/main/AndroidManifest.xml:148:19-79
166            android:launchMode="singleTop" >
166-->src/main/AndroidManifest.xml:149:13-43
167        </activity>
168        <activity
168-->src/main/AndroidManifest.xml:151:9-153:20
169            android:name="com.ctv.settings.about.activity.RestoreFactoryActivity"
169-->src/main/AndroidManifest.xml:151:19-88
170            android:launchMode="singleTop" >
170-->src/main/AndroidManifest.xml:152:13-43
171        </activity>
172        <activity
172-->src/main/AndroidManifest.xml:154:9-155:45
173            android:name="com.ctv.settings.about.activity.BootOptionsActivity"
173-->src/main/AndroidManifest.xml:154:19-85
174            android:launchMode="singleTop" />
174-->src/main/AndroidManifest.xml:155:13-43
175        <activity
175-->src/main/AndroidManifest.xml:157:9-158:45
176            android:name="com.ctv.settings.general.ShareUsbActivity"
176-->src/main/AndroidManifest.xml:157:19-75
177            android:launchMode="singleTop" />
177-->src/main/AndroidManifest.xml:158:13-43
178
179        <!-- security -->
180        <activity
180-->src/main/AndroidManifest.xml:161:9-162:45
181            android:name="com.ctv.settings.security.activity.PermissionsActivity"
181-->src/main/AndroidManifest.xml:161:19-88
182            android:launchMode="singleTop" />
182-->src/main/AndroidManifest.xml:162:13-43
183        <activity
183-->src/main/AndroidManifest.xml:163:9-165:20
184            android:name="com.ctv.settings.security.activity.USBLockActivity"
184-->src/main/AndroidManifest.xml:163:19-84
185            android:launchMode="singleTop" >
185-->src/main/AndroidManifest.xml:164:13-43
186        </activity>
187        <activity
187-->src/main/AndroidManifest.xml:166:9-168:20
188            android:name="com.ctv.settings.security.activity.LockScreenActivity"
188-->src/main/AndroidManifest.xml:166:19-87
189            android:launchMode="singleTop" >
189-->src/main/AndroidManifest.xml:167:13-43
190        </activity>
191
192        <service android:name="com.ctv.settings.security.activity.USBLockService" >
192-->src/main/AndroidManifest.xml:169:9-173:19
192-->src/main/AndroidManifest.xml:169:18-82
193            <intent-filter>
193-->src/main/AndroidManifest.xml:170:13-172:29
194                <action android:name="com.cultraview.settings.action.usblock" />
194-->src/main/AndroidManifest.xml:171:17-80
194-->src/main/AndroidManifest.xml:171:25-78
195            </intent-filter>
196        </service>
197
198        <receiver android:name="com.ctv.settings.security.receiver.USBStateRec" >
198-->src/main/AndroidManifest.xml:174:9-184:20
198-->src/main/AndroidManifest.xml:174:19-80
199            <intent-filter android:priority="999" >
199-->src/main/AndroidManifest.xml:175:13-180:29
199-->src/main/AndroidManifest.xml:175:28-50
200                <action android:name="android.intent.action.MEDIA_MOUNTED" />
200-->src/main/AndroidManifest.xml:176:17-78
200-->src/main/AndroidManifest.xml:176:25-75
201                <!-- <action android:name="android.intent.action.MEDIA_EJECT" /> -->
202                <action android:name="android.intent.action.MEDIA_UNMOUNTED" />
202-->src/main/AndroidManifest.xml:178:17-80
202-->src/main/AndroidManifest.xml:178:25-77
203
204                <data android:scheme="file" />
204-->src/main/AndroidManifest.xml:179:17-47
204-->src/main/AndroidManifest.xml:179:23-44
205            </intent-filter>
206            <intent-filter>
206-->src/main/AndroidManifest.xml:181:13-183:29
207                <action android:name="android.intent.action.BOOT_COMPLETED" />
207-->src/main/AndroidManifest.xml:182:17-78
207-->src/main/AndroidManifest.xml:182:25-76
208            </intent-filter>
209        </receiver>
210
211        <activity
211-->src/main/AndroidManifest.xml:185:9-186:45
212            android:name="com.ctv.settings.security.activity.PermissionDetailActivity"
212-->src/main/AndroidManifest.xml:185:19-93
213            android:launchMode="singleTop" />
213-->src/main/AndroidManifest.xml:186:13-43
214
215        <!-- timeanddate -->
216        <activity
216-->src/main/AndroidManifest.xml:189:9-190:45
217            android:name="com.ctv.settings.timeanddate.activity.TimeZoneActivity"
217-->src/main/AndroidManifest.xml:189:19-88
218            android:launchMode="singleTop" />
218-->src/main/AndroidManifest.xml:190:13-43
219        <activity
219-->src/main/AndroidManifest.xml:191:9-193:20
220            android:name="com.ctv.settings.timeanddate.activity.DateFormatActivity"
220-->src/main/AndroidManifest.xml:191:19-90
221            android:launchMode="singleTop" >
221-->src/main/AndroidManifest.xml:192:13-43
222        </activity>
223        <activity
223-->src/main/AndroidManifest.xml:194:9-196:20
224            android:name="com.ctv.settings.timeanddate.activity.AutoShutdownActivity"
224-->src/main/AndroidManifest.xml:194:19-92
225            android:launchMode="singleTop" >
225-->src/main/AndroidManifest.xml:195:13-43
226        </activity>
227        <activity
227-->src/main/AndroidManifest.xml:197:9-199:20
228            android:name="com.ctv.settings.timeanddate.activity.AutoBootupActivity"
228-->src/main/AndroidManifest.xml:197:19-90
229            android:launchMode="singleTop" >
229-->src/main/AndroidManifest.xml:198:13-43
230        </activity>
231        <activity
231-->src/main/AndroidManifest.xml:200:9-201:45
232            android:name="com.ctv.settings.timeanddate.activity.DateAndTimeSettingActivity"
232-->src/main/AndroidManifest.xml:200:19-98
233            android:launchMode="singleTop" />
233-->src/main/AndroidManifest.xml:201:13-43
234
235        <!--
236        <receiver android:name="com.ctv.settings.timeanddate.receiver.BootupReceiver"
237            android:enabled="true"
238            android:exported="true">
239            <intent-filter android:priority="2147483647">
240                <action android:name="android.intent.action.BOOT_COMPLETED"/>
241                <category android:name="android.intent.category.LAUNCHER"/>
242            </intent-filter>
243        </receiver>
244        -->
245
246
247        <!-- network -->
248        <activity
248-->src/main/AndroidManifest.xml:213:9-232:20
249            android:name="com.ctv.settings.network.activity.NetWorkActivity"
249-->src/main/AndroidManifest.xml:213:19-83
250            android:excludeFromRecents="true"
250-->src/main/AndroidManifest.xml:214:13-46
251            android:hardwareAccelerated="true"
251-->src/main/AndroidManifest.xml:215:13-47
252            android:launchMode="singleTask" >
252-->src/main/AndroidManifest.xml:216:13-44
253            <intent-filter android:priority="1" >
253-->src/main/AndroidManifest.xml:218:13-227:29
253-->src/main/AndroidManifest.xml:218:28-48
254                <action android:name="android.settings.WIFI_SETTINGS" />
254-->src/main/AndroidManifest.xml:219:17-73
254-->src/main/AndroidManifest.xml:219:25-70
255                <action android:name="android.net.wifi.PICK_WIFI_NETWORK" />
255-->src/main/AndroidManifest.xml:220:17-77
255-->src/main/AndroidManifest.xml:220:25-74
256                <action android:name="android.settings.WIRELESS_SETTINGS" />
256-->src/main/AndroidManifest.xml:221:17-77
256-->src/main/AndroidManifest.xml:221:25-74
257                <action android:name="android.settings.ETHERNET_SETTINGS" />
257-->src/main/AndroidManifest.xml:222:17-77
257-->src/main/AndroidManifest.xml:222:25-74
258                <action android:name="android.settings.WIFI_IP_SETTINGS" />
258-->src/main/AndroidManifest.xml:223:17-76
258-->src/main/AndroidManifest.xml:223:25-73
259                <action android:name="com.cultraview.settings.net.NETWORK_SETTINGS" />
259-->src/main/AndroidManifest.xml:224:17-87
259-->src/main/AndroidManifest.xml:224:25-84
260
261                <category android:name="android.intent.category.DEFAULT" />
261-->src/main/AndroidManifest.xml:108:17-76
261-->src/main/AndroidManifest.xml:108:27-73
262            </intent-filter>
263
264            <meta-data
264-->src/main/AndroidManifest.xml:229:13-231:40
265                android:name="com.android.settings.PRIMARY_PROFILE_CONTROLLED"
265-->src/main/AndroidManifest.xml:230:17-79
266                android:value="true" />
266-->src/main/AndroidManifest.xml:231:17-37
267        </activity>
268    </application>
269
270</manifest>